[dotenv@17.3.1] injecting env (2) from .env -- tip: ⚙️  override existing env vars with { override: true }
Server running on http://localhost:5000
[0mPOST /api/auth/register [32m201[0m 58.940 ms - 64[0m
[0mPOST /api/auth/login [32m200[0m 70.403 ms - 185[0m
[0mPOST /api/products/purchase [32m200[0m 123.200 ms - 127[0m
[0mPOST /api/seeder/activate [32m200[0m 39.014 ms - 112[0m
[0mPOST /api/auth/register [32m201[0m 59.423 ms - 64[0m
[0mPOST /api/auth/login [32m200[0m 49.410 ms - 183[0m
[0mPOST /api/products/purchase [32m200[0m 23.706 ms - 127[0m
[0mPOST /api/seeder/activate [32m200[0m 3.054 ms - 112[0m
[0mPOST /api/auth/register [32m201[0m 51.154 ms - 64[0m
[0mPOST /api/auth/login [32m200[0m 48.010 ms - 183[0m
[0mPOST /api/products/purchase [32m200[0m 14.634 ms - 127[0m
[0mPOST /api/finance/request-payout [32m201[0m 51.408 ms - 160[0m
[0mPOST /api/auth/login [33m401[0m 1.021 ms - 49[0m
[0mPOST /api/admin/payouts/ca179e91-68d5-4797-8755-d7df07112d7f/approve [33m401[0m 0.184 ms - 62[0m
[0mGET /api/admin/export/users [33m401[0m 0.947 ms - 62[0m
[0mGET /api/admin/export/payouts [33m401[0m 0.293 ms - 62[0m
[0mGET /login [32m200[0m 4.706 ms - 13403[0m
[0mGET /css/style.css [36m304[0m 1.103 ms - -[0m
[0mGET /css/theme.css [36m304[0m 2.390 ms - -[0m
[0mGET /assets/logo.png [36m304[0m 0.724 ms - -[0m
[0mPOST /api/auth/check-mobile [32m200[0m 2.128 ms - 46[0m
[0mPOST /api/auth/login [32m200[0m 57.373 ms - 185[0m
[0mGET /seeder [36m304[0m 0.853 ms - -[0m
[0mGET /css/style.css [36m304[0m 0.395 ms - -[0m
[0mGET /assets/logo.png [36m304[0m 1.157 ms - -[0m
[0mGET /js/store.js [36m304[0m 1.902 ms - -[0m
[0mGET /js/alignment.js [36m304[0m 1.371 ms - -[0m
[0mGET /js/seeder.js [36m304[0m 1.971 ms - -[0m
[0mGET /js/validator.js [36m304[0m 2.495 ms - -[0m
[0mGET /js/audioDB.js [33m404[0m 2.537 ms - 152[0m
[0mGET /js/alarm.js [36m304[0m 3.503 ms - -[0m
[0mGET /api/auth/me [32m200[0m 14.334 ms - 364[0m
[0mGET /api/seeder/network-tree [32m200[0m 14.342 ms - 384[0m
[0mGET /api/auth/family [36m304[0m 56.969 ms - -[0m
[0mPOST /api/auth/logout [32m200[0m 2.418 ms - 52[0m
[0mGET /login.html [32m200[0m 1.755 ms - 13403[0m
[0mGET /css/style.css [36m304[0m 0.695 ms - -[0m
[0mGET /css/theme.css [36m304[0m 0.570 ms - -[0m
[0mGET /assets/logo.png [36m304[0m 0.528 ms - -[0m
[0mPOST /api/auth/check-mobile [32m200[0m 1.905 ms - 43[0m
[0mPOST /api/auth/register [32m201[0m 71.305 ms - 64[0m
[0mPOST /api/auth/login [32m200[0m 67.042 ms - 178[0m
[0mGET /dashboard [32m200[0m 1.932 ms - 12696[0m
[0mGET /assets/css/theme.css [36m304[0m 1.036 ms - -[0m
[0mGET /assets/js/config.js [36m304[0m 1.139 ms - -[0m
[0mGET /assets/js/api.js [36m304[0m 3.821 ms - -[0m
[0mGET /assets/js/audioDB.js [36m304[0m 3.493 ms - -[0m
[0mGET /assets/js/alignment.js [36m304[0m 4.712 ms - -[0m
[0mGET /assets/js/alarm.js [36m304[0m 5.193 ms - -[0m
[0mGET /assets/js/user.js [32m200[0m 7.247 ms - 16212[0m
[0mGET /assets/js/auth.js [32m200[0m 8.557 ms - 2637[0m
[0mGET /api/auth/me [32m200[0m 6.447 ms - 347[0m
[0mGET /api/auth/me [36m304[0m 5.473 ms - -[0m
[0mGET /favicon.ico [33m404[0m 1.342 ms - 150[0m
[0mGET /api/minutes/history [36m304[0m 62.208 ms - -[0m
[0mGET /dashboard/admin.html [33m404[0m 1.261 ms - 159[0m
[0mGET /admin.html [36m304[0m 0.397 ms - -[0m
[0mGET /css/style.css?v=2026.3.2 [36m304[0m 0.879 ms - -[0m
[0mGET /assets/logo.png [36m304[0m 0.484 ms - -[0m
[0mGET /js/i18n.js?v=2026.3.2 [36m304[0m 0.678 ms - -[0m
[0mGET /js/store.js?v=2026.3.2 [36m304[0m 0.519 ms - -[0m
[0mGET /js/admin.js?v=2026.3.2 [36m304[0m 1.223 ms - -[0m
[0mGET /js/validator.js?v=2026.3.2 [36m304[0m 1.446 ms - -[0m
[0mPOST /api/auth/logout [32m200[0m 2.215 ms - 52[0m
[0mGET /login.html [36m304[0m 0.640 ms - -[0m
[0mGET /css/style.css [36m304[0m 0.439 ms - -[0m
[0mGET /css/theme.css [36m304[0m 0.425 ms - -[0m
[0mGET /assets/logo.png [36m304[0m 0.188 ms - -[0m
[0mPOST /api/auth/check-mobile [32m200[0m 3.326 ms - 46[0m
[0mPOST /api/auth/login [32m200[0m 112.498 ms - 185[0m
[0mGET /seeder [36m304[0m 1.988 ms - -[0m
[0mGET /css/style.css [36m304[0m 0.671 ms - -[0m
[0mGET /assets/logo.png [36m304[0m 0.580 ms - -[0m
[0mGET /js/store.js [36m304[0m 0.339 ms - -[0m
[0mGET /js/alignment.js [36m304[0m 0.406 ms - -[0m
[0mGET /js/seeder.js [36m304[0m 0.552 ms - -[0m
[0mGET /js/validator.js [36m304[0m 1.134 ms - -[0m
[0mGET /js/audioDB.js [33m404[0m 0.458 ms - 152[0m
[0mGET /js/alarm.js [36m304[0m 0.331 ms - -[0m
[0mGET /api/auth/me [32m200[0m 9.606 ms - 364[0m
[0mGET /api/auth/family [36m304[0m 5.367 ms - -[0m
[0mGET /api/seeder/network-tree [36m304[0m 55.450 ms - -[0m
[0mPOST /api/auth/logout [32m200[0m 1.705 ms - 52[0m
[0mGET /login.html [36m304[0m 0.325 ms - -[0m
[0mGET /css/style.css [36m304[0m 0.434 ms - -[0m
[0mGET /css/theme.css [36m304[0m 0.559 ms - -[0m
[0mGET /assets/logo.png [36m304[0m 0.567 ms - -[0m
[0mPOST /api/auth/check-mobile [32m200[0m 1.428 ms - 48[0m
[0mPOST /api/auth/login [32m200[0m 60.181 ms - 178[0m
[0mGET /dashboard [36m304[0m 0.621 ms - -[0m
[0mGET /assets/css/theme.css [36m304[0m 0.690 ms - -[0m
[0mGET /assets/js/config.js [36m304[0m 1.420 ms - -[0m
[0mGET /assets/js/api.js [36m304[0m 1.285 ms - -[0m
[0mGET /assets/js/auth.js [36m304[0m 1.049 ms - -[0m
[0mGET /assets/js/audioDB.js [36m304[0m 1.718 ms - -[0m
[0mGET /assets/js/alignment.js [36m304[0m 2.317 ms - -[0m
[0mGET /assets/js/user.js [36m304[0m 0.806 ms - -[0m
[0mGET /assets/js/alarm.js [36m304[0m 1.031 ms - -[0m
[0mGET /api/auth/me [32m200[0m 57.387 ms - 347[0m
[0mGET /api/auth/me [36m304[0m 8.805 ms - -[0m
[0mGET /api/minutes/history [36m304[0m 3.935 ms - -[0m
[0mGET /admin.html [36m304[0m 0.498 ms - -[0m
[0mGET /css/style.css?v=2026.3.2 [36m304[0m 0.548 ms - -[0m
[0mGET /assets/logo.png [36m304[0m 0.624 ms - -[0m
[0mGET /js/i18n.js?v=2026.3.2 [36m304[0m 1.045 ms - -[0m
[0mGET /js/store.js?v=2026.3.2 [36m304[0m 0.882 ms - -[0m
[0mGET /js/admin.js?v=2026.3.2 [36m304[0m 1.276 ms - -[0m
[0mGET /js/validator.js?v=2026.3.2 [36m304[0m 1.771 ms - -[0m
[0mGET /admin.html [32m200[0m 0.806 ms - 7990[0m
[0mGET /css/style.css?v=2026.3.2 [32m200[0m 1.840 ms - 32474[0m
[0mGET /assets/logo.png [36m304[0m 0.472 ms - -[0m
[0mGET /js/i18n.js?v=2026.3.2 [32m200[0m 2.452 ms - 36436[0m
[0mGET /js/store.js?v=2026.3.2 [32m200[0m 1.552 ms - 52020[0m
[0mGET /js/admin.js?v=2026.3.2 [32m200[0m 2.744 ms - 37691[0m
[0mGET /js/validator.js?v=2026.3.2 [32m200[0m 3.550 ms - 1704[0m
[0mGET /assets/logo.png [36m304[0m 0.292 ms - -[0m
[0mGET /api/health [32m200[0m 0.793 ms - 32[0m
[0mGET /favicon.ico [33m404[0m 0.517 ms - 150[0m
